<?xml version="1.0" encoding="UTF-8"?>
<!-- Generated by org.testng.reporters.JUnitXMLReporter -->
<testsuite hostname="LAPTOP-V3EMUFAV" name="Test" tests="5" failures="0" timestamp="24 Aug 2016 01:54:35 GMT" time="27.463" errors="0">
  <testcase name="name" time="0.006" classname="testNG.TestExmple"/>
  <testcase name="tech" time="0.001" classname="testNG.TestExmple"/>
  <testcase name="songSearch" time="2.248" classname="testNG.YoutubeTest"/>
  <testcase name="searchClick" time="2.465" classname="testNG.YoutubeTest"/>
  <testcase name="songSelect" time="4.263" classname="testNG.YoutubeTest"/>
</testsuite> <!-- Test -->
